<?xml version="1.0" encoding="UTF-8"?>
<!-- Generated by org.testng.reporters.JUnitReportReporter -->
<testsuite skipped="0" hostname="LP-PF2ZB2RS" name="testRunners.Runner_Register_TestNG" tests="1" failures="0" timestamp="30 Aug 2021 09:53:05 GMT" time="18.551" errors="0">
  <testcase name="runScenario" time="18.551" classname="testRunners.Runner_Register_TestNG"/>
</testsuite> <!-- testRunners.Runner_Register_TestNG -->
